
Showing logs for build [32mcb-kubecd-environment-pr-191-16-2bp6f-1[0m stage [32mfrom-build-pack[0m and container [32mstep-credential-initializer-qct2l[0m
{"level":"warn","ts":1585582575.0524666,"logger":"fallback-logger","caller":"logging/config.go:69","msg":"Fetch GitHub commit ID from kodata failed: \"ref: refs/heads/0.8.0-**-support-backwards-incompats\" is not a valid GitHub commit ID"}
{"level":"info","ts":1585582575.0530338,"logger":"fallback-logger","caller":"creds-init/main.go:40","msg":"Credentials initialized."}

Showing logs for build [32mcb-kubecd-environment-pr-191-16-2bp6f-1[0m stage [32mfrom-build-pack[0m and container [32mstep-working-dir-initializer-7m6k7[0m
{"level":"warn","ts":1585582575.9793406,"logger":"fallback-logger","caller":"logging/config.go:69","msg":"Fetch GitHub commit ID from kodata failed: open /var/run/ko/HEAD: no such file or directory"}
{"level":"info","ts":1585582575.9819179,"logger":"fallback-logger","caller":"bash/main.go:64","msg":"Successfully executed command \"sh -c mkdir -p /workspace/source\"; output "}

Showing logs for build [32mcb-kubecd-environment-pr-191-16-2bp6f-1[0m stage [32mfrom-build-pack[0m and container [32mstep-place-tools[0m

Showing logs for build [32mcb-kubecd-environment-pr-191-16-2bp6f-1[0m stage [32mfrom-build-pack[0m and container [32mstep-git-source-cb-kubecd-environment-pr-191-16-2bp6f-pxf8h[0m
{"level":"warn","ts":1585582580.3876905,"logger":"fallback-logger","caller":"logging/config.go:69","msg":"Fetch GitHub commit ID from kodata failed: \"ref: refs/heads/0.8.0-**-support-backwards-incompats\" is not a valid GitHub commit ID"}
{"level":"info","ts":1585582581.5477726,"logger":"fallback-logger","caller":"git/git.go:103","msg":"Successfully cloned https://github.com/cb-kubecd/environment-pr-191-169-boot-gke-staging.git @ master in path /workspace/source"}

Showing logs for build [32mcb-kubecd-environment-pr-191-16-2bp6f-1[0m stage [32mfrom-build-pack[0m and container [32mstep-git-merge[0m
Using SHAs from PULL_REFS=master:66011a75c4c634c2bcb12a1c463bb62606d2b9c0,6:1bcc6c3b47ac2f2c71ec342f557f0eff0be084ae
DEBUG: JX_LOG_LEVEL=error LC_ALL=C git fetch origin --unshallow 1bcc6c3b47ac2f2c71ec342f557f0eff0be084ae: 66011a75c4c634c2bcb12a1c463bb62606d2b9c0:
DEBUG: ran git fetch --unshallow origin 1bcc6c3b47ac2f2c71ec342f557f0eff0be084ae: 66011a75c4c634c2bcb12a1c463bb62606d2b9c0: in 
DEBUG: LC_ALL=C JX_LOG_LEVEL=error git branch
DEBUG: LC_ALL=C JX_LOG_LEVEL=error git checkout master
DEBUG: ran git checkout master in 
DEBUG: JX_LOG_LEVEL=error LC_ALL=C git reset --hard 66011a75c4c634c2bcb12a1c463bb62606d2b9c0
DEBUG: ran git reset --hard 66011a75c4c634c2bcb12a1c463bb62606d2b9c0 in 
DEBUG: LC_ALL=C JX_LOG_LEVEL=error git clean -fd .
DEBUG: ran clean --force -d . in 
DEBUG: JX_LOG_LEVEL=error LC_ALL=C git merge 1bcc6c3b47ac2f2c71ec342f557f0eff0be084ae
DEBUG: ran git merge 1bcc6c3b47ac2f2c71ec342f557f0eff0be084ae in 
DEBUG: LC_ALL=C JX_LOG_LEVEL=error git log --format=%H%x1f%an%x1f%ae%x1f%cn%x1f%ce%x1f%s%n%b%x1e 66011a75c4c634c2bcb12a1c463bb62606d2b9c0..HEAD
Merged SHA 1bcc6c3b47ac2f2c71ec342f557f0eff0be084ae with commit message 'chore: Promote bdd-sbhg-import-1585581800 to version 0.0.1' into base branch master

Showing logs for build [32mcb-kubecd-environment-pr-191-16-2bp6f-1[0m stage [32mfrom-build-pack[0m and container [32mstep-build-helm-build[0m
WARNING: No $CHART_REPOSITORY defined so using the default value of: http://jenkins-x-chartmuseum:8080
Adding missing Helm repo: storage.googleapis.com https://storage.googleapis.com/chartmuseum.jenkins-x.io
WARNING: No secrets found on "helm/repos" due: reading the secret "helm/repos" from vault: no secret "helm/repos" not found in vault
Read credentials for https://storage.googleapis.com/chartmuseum.jenkins-x.io from vault helm/repos
Successfully added Helm repository storage.googleapis.com.
Adding missing Helm repo: jenkins-x-chartmuseum http://jenkins-x-chartmuseum:8080
WARNING: No secrets found on "helm/repos" due: reading the secret "helm/repos" from vault: no secret "helm/repos" not found in vault
Read credentials for http://jenkins-x-chartmuseum:8080 from vault helm/repos
Successfully added Helm repository jenkins-x-chartmuseum.
WARNING: No $CHART_REPOSITORY defined so using the default value of: http://jenkins-x-chartmuseum:8080
Adding missing Helm repo: chartmuseum.jenkins-x.io http://chartmuseum.jenkins-x.io
WARNING: No secrets found on "helm/repos" due: reading the secret "helm/repos" from vault: no secret "helm/repos" not found in vault
Read credentials for http://chartmuseum.jenkins-x.io from vault helm/repos
Successfully added Helm repository chartmuseum.jenkins-x.io.
