
Showing logs for build [32mcb-kubecd-environment-pr-191-16-hpf5r-1[0m stage [32mfrom-build-pack[0m and container [32mstep-credential-initializer-5s427[0m
{"level":"warn","ts":1585583463.2507296,"logger":"fallback-logger","caller":"logging/config.go:69","msg":"Fetch GitHub commit ID from kodata failed: \"ref: refs/heads/0.8.0-**-support-backwards-incompats\" is not a valid GitHub commit ID"}
{"level":"info","ts":1585583463.2516582,"logger":"fallback-logger","caller":"creds-init/main.go:40","msg":"Credentials initialized."}

Showing logs for build [32mcb-kubecd-environment-pr-191-16-hpf5r-1[0m stage [32mfrom-build-pack[0m and container [32mstep-working-dir-initializer-4gxt6[0m
{"level":"warn","ts":1585583464.0712576,"logger":"fallback-logger","caller":"logging/config.go:69","msg":"Fetch GitHub commit ID from kodata failed: open /var/run/ko/HEAD: no such file or directory"}
{"level":"info","ts":1585583464.0731313,"logger":"fallback-logger","caller":"bash/main.go:64","msg":"Successfully executed command \"sh -c mkdir -p /workspace/source\"; output "}

Showing logs for build [32mcb-kubecd-environment-pr-191-16-hpf5r-1[0m stage [32mfrom-build-pack[0m and container [32mstep-place-tools[0m

Showing logs for build [32mcb-kubecd-environment-pr-191-16-hpf5r-1[0m stage [32mfrom-build-pack[0m and container [32mstep-git-source-cb-kubecd-environment-pr-191-16-hpf5r-zb7js[0m
{"level":"warn","ts":1585583469.21591,"logger":"fallback-logger","caller":"logging/config.go:69","msg":"Fetch GitHub commit ID from kodata failed: \"ref: refs/heads/0.8.0-**-support-backwards-incompats\" is not a valid GitHub commit ID"}
{"level":"info","ts":1585583470.371283,"logger":"fallback-logger","caller":"git/git.go:103","msg":"Successfully cloned https://github.com/cb-kubecd/environment-pr-191-169-boot-gke-staging.git @ master in path /workspace/source"}

Showing logs for build [32mcb-kubecd-environment-pr-191-16-hpf5r-1[0m stage [32mfrom-build-pack[0m and container [32mstep-git-merge[0m
Using SHAs from PULL_REFS=master:ac3e34217b03bba56ce82a41bf7313a7c9f873f9,8:aaf7b8c30ed56bfafd3e9c83a8d1ee536c4e0d3b
DEBUG: LC_ALL=C JX_LOG_LEVEL=error git fetch origin --unshallow aaf7b8c30ed56bfafd3e9c83a8d1ee536c4e0d3b: ac3e34217b03bba56ce82a41bf7313a7c9f873f9:
DEBUG: ran git fetch --unshallow origin aaf7b8c30ed56bfafd3e9c83a8d1ee536c4e0d3b: ac3e34217b03bba56ce82a41bf7313a7c9f873f9: in 
DEBUG: JX_LOG_LEVEL=error LC_ALL=C git branch
DEBUG: LC_ALL=C JX_LOG_LEVEL=error git checkout master
DEBUG: ran git checkout master in 
DEBUG: LC_ALL=C JX_LOG_LEVEL=error git reset --hard ac3e34217b03bba56ce82a41bf7313a7c9f873f9
DEBUG: ran git reset --hard ac3e34217b03bba56ce82a41bf7313a7c9f873f9 in 
DEBUG: LC_ALL=C JX_LOG_LEVEL=error git clean -fd .
DEBUG: ran clean --force -d . in 
DEBUG: LC_ALL=C JX_LOG_LEVEL=error git merge aaf7b8c30ed56bfafd3e9c83a8d1ee536c4e0d3b
DEBUG: ran git merge aaf7b8c30ed56bfafd3e9c83a8d1ee536c4e0d3b in 
DEBUG: LC_ALL=C JX_LOG_LEVEL=error git log --format=%H%x1f%an%x1f%ae%x1f%cn%x1f%ce%x1f%s%n%b%x1e ac3e34217b03bba56ce82a41bf7313a7c9f873f9..HEAD
Merged SHA aaf7b8c30ed56bfafd3e9c83a8d1ee536c4e0d3b with commit message 'chore: Promote bdd-ghf**y-import-1585581800 to version 0.0.1' into base branch master

Showing logs for build [32mcb-kubecd-environment-pr-191-16-hpf5r-1[0m stage [32mfrom-build-pack[0m and container [32mstep-build-helm-build[0m
WARNING: No $CHART_REPOSITORY defined so using the default value of: http://jenkins-x-chartmuseum:8080
Adding missing Helm repo: storage.googleapis.com https://storage.googleapis.com/chartmuseum.jenkins-x.io
WARNING: No secrets found on "helm/repos" due: reading the secret "helm/repos" from vault: no secret "helm/repos" not found in vault
Read credentials for https://storage.googleapis.com/chartmuseum.jenkins-x.io from vault helm/repos
Successfully added Helm repository storage.googleapis.com.
Adding missing Helm repo: jenkins-x-chartmuseum http://jenkins-x-chartmuseum:8080
WARNING: No secrets found on "helm/repos" due: reading the secret "helm/repos" from vault: no secret "helm/repos" not found in vault
Read credentials for http://jenkins-x-chartmuseum:8080 from vault helm/repos
Successfully added Helm repository jenkins-x-chartmuseum.
WARNING: No $CHART_REPOSITORY defined so using the default value of: http://jenkins-x-chartmuseum:8080
Adding missing Helm repo: chartmuseum.jenkins-x.io http://chartmuseum.jenkins-x.io
WARNING: No secrets found on "helm/repos" due: reading the secret "helm/repos" from vault: no secret "helm/repos" not found in vault
Read credentials for http://chartmuseum.jenkins-x.io from vault helm/repos
Successfully added Helm repository chartmuseum.jenkins-x.io.
