
Showing logs for build [32mcb-kubecd-environment-pr-191-16-wrms9-1[0m stage [32mfrom-build-pack[0m and container [32mstep-credential-initializer-7768z[0m
{"level":"warn","ts":1585581228.201073,"logger":"fallback-logger","caller":"logging/config.go:69","msg":"Fetch GitHub commit ID from kodata failed: \"ref: refs/heads/0.8.0-**-support-backwards-incompats\" is not a valid GitHub commit ID"}
{"level":"info","ts":1585581228.2019246,"logger":"fallback-logger","caller":"creds-init/main.go:40","msg":"Credentials initialized."}

Showing logs for build [32mcb-kubecd-environment-pr-191-16-wrms9-1[0m stage [32mfrom-build-pack[0m and container [32mstep-working-dir-initializer-2jhpv[0m
{"level":"warn","ts":1585581228.6502008,"logger":"fallback-logger","caller":"logging/config.go:69","msg":"Fetch GitHub commit ID from kodata failed: open /var/run/ko/HEAD: no such file or directory"}
{"level":"info","ts":1585581228.654003,"logger":"fallback-logger","caller":"bash/main.go:64","msg":"Successfully executed command \"sh -c mkdir -p /workspace/source\"; output "}

Showing logs for build [32mcb-kubecd-environment-pr-191-16-wrms9-1[0m stage [32mfrom-build-pack[0m and container [32mstep-place-tools[0m

Showing logs for build [32mcb-kubecd-environment-pr-191-16-wrms9-1[0m stage [32mfrom-build-pack[0m and container [32mstep-git-source-cb-kubecd-environment-pr-191-16-wrms9-55v4k[0m
{"level":"warn","ts":1585581232.8648927,"logger":"fallback-logger","caller":"logging/config.go:69","msg":"Fetch GitHub commit ID from kodata failed: \"ref: refs/heads/0.8.0-**-support-backwards-incompats\" is not a valid GitHub commit ID"}
{"level":"info","ts":1585581234.0319614,"logger":"fallback-logger","caller":"git/git.go:103","msg":"Successfully cloned https://github.com/cb-kubecd/environment-pr-191-169-boot-gke-staging.git @ master in path /workspace/source"}

Showing logs for build [32mcb-kubecd-environment-pr-191-16-wrms9-1[0m stage [32mfrom-build-pack[0m and container [32mstep-git-merge[0m
Using SHAs from PULL_REFS=master:658aa8d39200c26cefd15c004f42b8e3c9a3bab0,4:bb074a183fd7de02c048bb6fde2c5e9cef591440
DEBUG: JX_LOG_LEVEL=error LC_ALL=C git fetch origin --unshallow bb074a183fd7de02c048bb6fde2c5e9cef591440: 658aa8d39200c26cefd15c004f42b8e3c9a3bab0:
DEBUG: ran git fetch --unshallow origin bb074a183fd7de02c048bb6fde2c5e9cef591440: 658aa8d39200c26cefd15c004f42b8e3c9a3bab0: in 
DEBUG: LC_ALL=C JX_LOG_LEVEL=error git branch
DEBUG: LC_ALL=C JX_LOG_LEVEL=error git checkout master
DEBUG: ran git checkout master in 
DEBUG: LC_ALL=C JX_LOG_LEVEL=error git reset --hard 658aa8d39200c26cefd15c004f42b8e3c9a3bab0
DEBUG: ran git reset --hard 658aa8d39200c26cefd15c004f42b8e3c9a3bab0 in 
DEBUG: LC_ALL=C JX_LOG_LEVEL=error git clean -fd .
DEBUG: ran clean --force -d . in 
DEBUG: LC_ALL=C JX_LOG_LEVEL=error git merge bb074a183fd7de02c048bb6fde2c5e9cef591440
DEBUG: ran git merge bb074a183fd7de02c048bb6fde2c5e9cef591440 in 
DEBUG: LC_ALL=C JX_LOG_LEVEL=error git log --format=%H%x1f%an%x1f%ae%x1f%cn%x1f%ce%x1f%s%n%b%x1e 658aa8d39200c26cefd15c004f42b8e3c9a3bab0..HEAD
Merged SHA bb074a183fd7de02c048bb6fde2c5e9cef591440 with commit message 'chore: Promote bdd-gh-1585579464 to version 0.0.1' into base branch master

Showing logs for build [32mcb-kubecd-environment-pr-191-16-wrms9-1[0m stage [32mfrom-build-pack[0m and container [32mstep-build-helm-build[0m
WARNING: No $CHART_REPOSITORY defined so using the default value of: http://jenkins-x-chartmuseum:8080
Adding missing Helm repo: storage.googleapis.com https://storage.googleapis.com/chartmuseum.jenkins-x.io
WARNING: No secrets found on "helm/repos" due: reading the secret "helm/repos" from vault: no secret "helm/repos" not found in vault
Read credentials for https://storage.googleapis.com/chartmuseum.jenkins-x.io from vault helm/repos
Successfully added Helm repository storage.googleapis.com.
Adding missing Helm repo: jenkins-x-chartmuseum http://jenkins-x-chartmuseum:8080
WARNING: No secrets found on "helm/repos" due: reading the secret "helm/repos" from vault: no secret "helm/repos" not found in vault
Read credentials for http://jenkins-x-chartmuseum:8080 from vault helm/repos
Successfully added Helm repository jenkins-x-chartmuseum.
WARNING: No $CHART_REPOSITORY defined so using the default value of: http://jenkins-x-chartmuseum:8080
Adding missing Helm repo: chartmuseum.jenkins-x.io http://chartmuseum.jenkins-x.io
WARNING: No secrets found on "helm/repos" due: reading the secret "helm/repos" from vault: no secret "helm/repos" not found in vault
Read credentials for http://chartmuseum.jenkins-x.io from vault helm/repos
Successfully added Helm repository chartmuseum.jenkins-x.io.
